{"./dist/bundle.src.js":{"path":"./dist/bundle.src.js","s":{"1":1,"2":1,"3":20,"4":9,"5":0,"6":0,"7":0,"8":0,"9":0,"10":0,"11":9,"12":9,"13":11,"14":11,"15":20,"16":1,"17":1,"18":9,"19":1,"20":0,"21":1,"22":1,"23":0,"24":0,"25":0,"26":0,"27":0,"28":0,"29":0,"30":0,"31":1,"32":0,"33":0,"34":0,"35":0,"36":1,"37":1,"38":0,"39":0,"40":0,"41":0,"42":0,"43":0,"44":0,"45":0,"46":0,"47":0,"48":0,"49":0,"50":0,"51":0,"52":0,"53":0,"54":0,"55":0,"56":0,"57":0,"58":0,"59":0,"60":0,"61":0,"62":0,"63":0,"64":0,"65":0,"66":0,"67":0,"68":0,"69":0,"70":0,"71":0,"72":0,"73":0,"74":0,"75":0,"76":0,"77":0,"78":0,"79":0,"80":0,"81":0,"82":0,"83":0,"84":1,"85":1,"86":1,"87":1,"88":1,"89":0,"90":0,"91":1,"92":1,"93":0,"94":1,"95":1,"96":0,"97":0,"98":0,"99":0,"100":1,"101":0,"102":0,"103":0,"104":0,"105":0,"106":0,"107":0,"108":1,"109":0,"110":1,"111":0,"112":0,"113":0,"114":0,"115":0,"116":0,"117":0,"118":1,"119":0,"120":0,"121":0,"122":0,"123":0,"124":0,"125":0,"126":0,"127":0,"128":0,"129":0,"130":0,"131":0,"132":0,"133":0,"134":0,"135":0,"136":0,"137":0,"138":0,"139":0,"140":0,"141":0,"142":0,"143":0,"144":1,"145":1,"146":1,"147":0,"148":0,"149":0,"150":1,"151":1,"152":0,"153":0,"154":0,"155":0,"156":1,"157":1,"158":0,"159":0,"160":0,"161":0,"162":0,"163":0,"164":0,"165":0,"166":0,"167":0,"168":0,"169":0,"170":0,"171":0,"172":0,"173":0,"174":0,"175":0,"176":0,"177":0,"178":0,"179":0,"180":0,"181":0,"182":0,"183":0,"184":0,"185":0,"186":0,"187":0,"188":0,"189":0,"190":0,"191":0,"192":0,"193":0,"194":0,"195":0,"196":0,"197":0,"198":0,"199":0,"200":0,"201":0,"202":0,"203":0,"204":0,"205":0,"206":0,"207":0,"208":0,"209":0,"210":0,"211":0,"212":0,"213":0,"214":0,"215":0,"216":0,"217":0,"218":0,"219":0,"220":0,"221":0,"222":0,"223":0,"224":0,"225":0,"226":0,"227":0,"228":0,"229":0,"230":0,"231":0,"232":0,"233":0,"234":0,"235":0,"236":0,"237":0,"238":0,"239":0,"240":0,"241":0,"242":0,"243":0,"244":0,"245":0,"246":0,"247":0,"248":0,"249":0,"250":0,"251":0,"252":0,"253":0,"254":0,"255":0,"256":0,"257":0,"258":0,"259":0,"260":0,"261":0,"262":0,"263":0,"264":0,"265":0,"266":0,"267":0,"268":0,"269":1,"270":1,"271":0,"272":0,"273":1,"274":1,"275":0,"276":0,"277":0,"278":0,"279":1,"280":0,"281":0,"282":0,"283":0,"284":0,"285":0,"286":0,"287":0,"288":0,"289":0,"290":0,"291":0,"292":0,"293":0,"294":0,"295":0,"296":0,"297":0,"298":0,"299":0,"300":0,"301":0,"302":0,"303":0,"304":0,"305":0,"306":0,"307":0,"308":0,"309":0,"310":0,"311":0,"312":0,"313":0,"314":0,"315":0,"316":0,"317":1,"318":1,"319":1,"320":0,"321":0,"322":0,"323":1,"324":0,"325":0,"326":0,"327":0,"328":0,"329":0,"330":0,"331":0,"332":0,"333":0,"334":0,"335":0,"336":0,"337":0,"338":0,"339":0,"340":0,"341":0,"342":0,"343":0,"344":0,"345":0,"346":1,"347":0,"348":0,"349":1,"350":0,"351":0,"352":0,"353":0,"354":0,"355":0,"356":0,"357":0,"358":0,"359":0,"360":0,"361":0,"362":0,"363":0,"364":0,"365":0,"366":0,"367":0,"368":0,"369":0,"370":0,"371":0,"372":0,"373":0,"374":0,"375":0,"376":0,"377":0,"378":0,"379":1},"b":{"1":[9,11],"2":[0,9],"3":[0,0],"4":[0,0],"5":[0,0],"6":[0,0],"7":[11,0],"8":[1,0],"9":[0,0],"10":[0,0],"11":[0,0,0],"12":[0,0],"13":[0,0],"14":[0,0],"15":[0,0],"16":[0,0],"17":[0,0],"18":[0,0],"19":[0,0,0,0,0,0],"20":[0,0],"21":[0,0],"22":[0,0],"23":[0,0],"24":[0,0],"25":[0,0],"26":[0,0],"27":[0,0],"28":[0,0],"29":[0,0],"30":[0,0],"31":[0,0],"32":[0,0],"33":[0,0],"34":[0,0,0],"35":[0,0],"36":[0,0],"37":[0,0],"38":[0,0],"39":[0,0],"40":[0,0],"41":[0,0],"42":[0,0],"43":[0,0],"44":[0,0],"45":[0,0],"46":[0,0],"47":[0,0],"48":[0,0],"49":[0,0],"50":[0,0],"51":[0,0],"52":[0,0,0],"53":[0,0],"54":[0,0],"55":[0,0],"56":[0,0],"57":[0,0],"58":[0,0],"59":[0,0],"60":[0,0],"61":[0,0],"62":[0,0],"63":[0,0],"64":[0,0,0,0],"65":[0,0],"66":[0,0],"67":[0,0],"68":[0,0],"69":[0,0],"70":[0,0],"71":[0,0],"72":[0,0],"73":[0,0,0,0],"74":[0,0],"75":[0,0],"76":[0,0],"77":[0,0],"78":[0,0],"79":[0,0],"80":[0,0],"81":[0,0],"82":[0,0],"83":[0,0],"84":[0,0],"85":[0,0],"86":[0,0],"87":[0,0]},"f":{"1":1,"2":20,"3":11,"4":0,"5":1,"6":0,"7":0,"8":1,"9":0,"10":0,"11":0,"12":1,"13":1,"14":0,"15":0,"16":0,"17":0,"18":0,"19":0,"20":0,"21":0,"22":1,"23":0,"24":0,"25":1,"26":0,"27":0,"28":0,"29":0,"30":1,"31":0,"32":0,"33":0,"34":0,"35":0,"36":0,"37":1,"38":0,"39":0,"40":0,"41":0,"42":0,"43":0,"44":0,"45":0,"46":0,"47":0,"48":0,"49":0,"50":0,"51":0,"52":0,"53":0,"54":0,"55":0,"56":0,"57":0,"58":0,"59":0,"60":1,"61":0,"62":0,"63":0,"64":0,"65":0,"66":0,"67":0,"68":0,"69":0,"70":0,"71":0,"72":1,"73":0,"74":0,"75":0,"76":0,"77":0,"78":0,"79":0,"80":1,"81":0,"82":0,"83":0,"84":0,"85":0,"86":0,"87":0,"88":0,"89":0},"fnMap":{"1":{"name":"e","line":1,"loc":{"start":{"line":1,"column":9},"end":{"line":1,"column":26}}},"2":{"name":"s","line":1,"loc":{"start":{"line":1,"column":12},"end":{"line":1,"column":42}}},"3":{"name":"(anonymous_3)","line":1,"loc":{"start":{"line":1,"column":242},"end":{"line":1,"column":253}}},"4":{"name":"(anonymous_4)","line":1,"loc":{"start":{"line":1,"column":429},"end":{"line":1,"column":461}}},"5":{"name":"(anonymous_5)","line":3,"loc":{"start":{"line":3,"column":16},"end":{"line":3,"column":48}}},"6":{"name":"(anonymous_6)","line":14,"loc":{"start":{"line":14,"column":10},"end":{"line":14,"column":22}}},"7":{"name":"(anonymous_7)","line":35,"loc":{"start":{"line":35,"column":223},"end":{"line":35,"column":255}}},"8":{"name":"(anonymous_8)","line":37,"loc":{"start":{"line":37,"column":16},"end":{"line":37,"column":48}}},"9":{"name":"(anonymous_9)","line":101,"loc":{"start":{"line":101,"column":18},"end":{"line":101,"column":50}}},"10":{"name":"(anonymous_10)","line":103,"loc":{"start":{"line":103,"column":16},"end":{"line":103,"column":48}}},"11":{"name":"(anonymous_11)","line":109,"loc":{"start":{"line":109,"column":50},"end":{"line":109,"column":82}}},"12":{"name":"(anonymous_12)","line":111,"loc":{"start":{"line":111,"column":16},"end":{"line":111,"column":48}}},"13":{"name":"(anonymous_13)","line":114,"loc":{"start":{"line":114,"column":20},"end":{"line":114,"column":41}}},"14":{"name":"(anonymous_14)","line":116,"loc":{"start":{"line":116,"column":15},"end":{"line":116,"column":62}}},"15":{"name":"(anonymous_15)","line":133,"loc":{"start":{"line":133,"column":48},"end":{"line":133,"column":60}}},"16":{"name":"(anonymous_16)","line":140,"loc":{"start":{"line":140,"column":16},"end":{"line":140,"column":63}}},"17":{"name":"(anonymous_17)","line":159,"loc":{"start":{"line":159,"column":17},"end":{"line":159,"column":53}}},"18":{"name":"(anonymous_18)","line":171,"loc":{"start":{"line":171,"column":13},"end":{"line":171,"column":49}}},"19":{"name":"(anonymous_19)","line":187,"loc":{"start":{"line":187,"column":14},"end":{"line":187,"column":50}}},"20":{"name":"(anonymous_20)","line":202,"loc":{"start":{"line":202,"column":15},"end":{"line":202,"column":40}}},"21":{"name":"(anonymous_21)","line":211,"loc":{"start":{"line":211,"column":23},"end":{"line":211,"column":47}}},"22":{"name":"(anonymous_22)","line":229,"loc":{"start":{"line":229,"column":16},"end":{"line":229,"column":28}}},"23":{"name":"(anonymous_23)","line":238,"loc":{"start":{"line":238,"column":20},"end":{"line":238,"column":32}}},"24":{"name":"(anonymous_24)","line":248,"loc":{"start":{"line":248,"column":28},"end":{"line":248,"column":60}}},"25":{"name":"(anonymous_25)","line":250,"loc":{"start":{"line":250,"column":16},"end":{"line":250,"column":48}}},"26":{"name":"(anonymous_26)","line":262,"loc":{"start":{"line":262,"column":13},"end":{"line":262,"column":32}}},"27":{"name":"(anonymous_27)","line":271,"loc":{"start":{"line":271,"column":10},"end":{"line":271,"column":22}}},"28":{"name":"(anonymous_28)","line":279,"loc":{"start":{"line":279,"column":14},"end":{"line":279,"column":31}}},"29":{"name":"(anonymous_29)","line":290,"loc":{"start":{"line":290,"column":54},"end":{"line":290,"column":86}}},"30":{"name":"(anonymous_30)","line":292,"loc":{"start":{"line":292,"column":16},"end":{"line":292,"column":48}}},"31":{"name":"(anonymous_31)","line":295,"loc":{"start":{"line":295,"column":19},"end":{"line":295,"column":47}}},"32":{"name":"(anonymous_32)","line":307,"loc":{"start":{"line":307,"column":10},"end":{"line":307,"column":22}}},"33":{"name":"(anonymous_33)","line":321,"loc":{"start":{"line":321,"column":15},"end":{"line":321,"column":36}}},"34":{"name":"(anonymous_34)","line":332,"loc":{"start":{"line":332,"column":41},"end":{"line":332,"column":53}}},"35":{"name":"(anonymous_35)","line":340,"loc":{"start":{"line":340,"column":16},"end":{"line":340,"column":38}}},"36":{"name":"(anonymous_36)","line":347,"loc":{"start":{"line":347,"column":41},"end":{"line":347,"column":53}}},"37":{"name":"(anonymous_37)","line":354,"loc":{"start":{"line":354,"column":16},"end":{"line":354,"column":48}}},"38":{"name":"(anonymous_38)","line":367,"loc":{"start":{"line":367,"column":14},"end":{"line":367,"column":30}}},"39":{"name":"(anonymous_39)","line":385,"loc":{"start":{"line":385,"column":24},"end":{"line":385,"column":42}}},"40":{"name":"(anonymous_40)","line":396,"loc":{"start":{"line":396,"column":10},"end":{"line":396,"column":31}}},"41":{"name":"(anonymous_41)","line":400,"loc":{"start":{"line":400,"column":36},"end":{"line":400,"column":52}}},"42":{"name":"(anonymous_42)","line":420,"loc":{"start":{"line":420,"column":12},"end":{"line":420,"column":29}}},"43":{"name":"(anonymous_43)","line":428,"loc":{"start":{"line":428,"column":11},"end":{"line":428,"column":28}}},"44":{"name":"(anonymous_44)","line":436,"loc":{"start":{"line":436,"column":23},"end":{"line":436,"column":35}}},"45":{"name":"(anonymous_45)","line":443,"loc":{"start":{"line":443,"column":19},"end":{"line":443,"column":31}}},"46":{"name":"(anonymous_46)","line":447,"loc":{"start":{"line":447,"column":18},"end":{"line":447,"column":34}}},"47":{"name":"(anonymous_47)","line":458,"loc":{"start":{"line":458,"column":10},"end":{"line":458,"column":27}}},"48":{"name":"(anonymous_48)","line":469,"loc":{"start":{"line":469,"column":14},"end":{"line":469,"column":33}}},"49":{"name":"(anonymous_49)","line":491,"loc":{"start":{"line":491,"column":36},"end":{"line":491,"column":48}}},"50":{"name":"(anonymous_50)","line":498,"loc":{"start":{"line":498,"column":21},"end":{"line":498,"column":40}}},"51":{"name":"(anonymous_51)","line":512,"loc":{"start":{"line":512,"column":19},"end":{"line":512,"column":31}}},"52":{"name":"(anonymous_52)","line":515,"loc":{"start":{"line":515,"column":18},"end":{"line":515,"column":34}}},"53":{"name":"(anonymous_53)","line":522,"loc":{"start":{"line":522,"column":20},"end":{"line":522,"column":43}}},"54":{"name":"(anonymous_54)","line":583,"loc":{"start":{"line":583,"column":21},"end":{"line":583,"column":33}}},"55":{"name":"(anonymous_55)","line":595,"loc":{"start":{"line":595,"column":16},"end":{"line":595,"column":32}}},"56":{"name":"(anonymous_56)","line":607,"loc":{"start":{"line":607,"column":17},"end":{"line":607,"column":33}}},"57":{"name":"(anonymous_57)","line":623,"loc":{"start":{"line":623,"column":20},"end":{"line":623,"column":36}}},"58":{"name":"(anonymous_58)","line":639,"loc":{"start":{"line":639,"column":83},"end":{"line":639,"column":115}}},"59":{"name":"(anonymous_59)","line":641,"loc":{"start":{"line":641,"column":39},"end":{"line":641,"column":71}}},"60":{"name":"(anonymous_60)","line":643,"loc":{"start":{"line":643,"column":16},"end":{"line":643,"column":48}}},"61":{"name":"(anonymous_61)","line":655,"loc":{"start":{"line":655,"column":17},"end":{"line":655,"column":47}}},"62":{"name":"(anonymous_62)","line":663,"loc":{"start":{"line":663,"column":10},"end":{"line":663,"column":22}}},"63":{"name":"(anonymous_63)","line":666,"loc":{"start":{"line":666,"column":39},"end":{"line":666,"column":51}}},"64":{"name":"(anonymous_64)","line":670,"loc":{"start":{"line":670,"column":32},"end":{"line":670,"column":49}}},"65":{"name":"(anonymous_65)","line":681,"loc":{"start":{"line":681,"column":11},"end":{"line":681,"column":23}}},"66":{"name":"(anonymous_66)","line":689,"loc":{"start":{"line":689,"column":17},"end":{"line":689,"column":29}}},"67":{"name":"(anonymous_67)","line":694,"loc":{"start":{"line":694,"column":19},"end":{"line":694,"column":35}}},"68":{"name":"(anonymous_68)","line":697,"loc":{"start":{"line":697,"column":14},"end":{"line":697,"column":26}}},"69":{"name":"(anonymous_69)","line":720,"loc":{"start":{"line":720,"column":16},"end":{"line":720,"column":28}}},"70":{"name":"(anonymous_70)","line":723,"loc":{"start":{"line":723,"column":17},"end":{"line":723,"column":56}}},"71":{"name":"(anonymous_71)","line":736,"loc":{"start":{"line":736,"column":20},"end":{"line":736,"column":32}}},"72":{"name":"(anonymous_72)","line":747,"loc":{"start":{"line":747,"column":35},"end":{"line":747,"column":67}}},"73":{"name":"(anonymous_73)","line":752,"loc":{"start":{"line":752,"column":19},"end":{"line":752,"column":49}}},"74":{"name":"(anonymous_74)","line":759,"loc":{"start":{"line":759,"column":10},"end":{"line":759,"column":22}}},"75":{"name":"(anonymous_75)","line":765,"loc":{"start":{"line":765,"column":18},"end":{"line":765,"column":30}}},"76":{"name":"(anonymous_76)","line":781,"loc":{"start":{"line":781,"column":24},"end":{"line":781,"column":47}}},"77":{"name":"(anonymous_77)","line":784,"loc":{"start":{"line":784,"column":41},"end":{"line":784,"column":53}}},"78":{"name":"(anonymous_78)","line":796,"loc":{"start":{"line":796,"column":54},"end":{"line":796,"column":86}}},"79":{"name":"(anonymous_79)","line":798,"loc":{"start":{"line":798,"column":19},"end":{"line":798,"column":51}}},"80":{"name":"(anonymous_80)","line":800,"loc":{"start":{"line":800,"column":16},"end":{"line":800,"column":48}}},"81":{"name":"(anonymous_81)","line":801,"loc":{"start":{"line":801,"column":25},"end":{"line":801,"column":40}}},"82":{"name":"(anonymous_82)","line":813,"loc":{"start":{"line":813,"column":18},"end":{"line":813,"column":33}}},"83":{"name":"(anonymous_83)","line":825,"loc":{"start":{"line":825,"column":16},"end":{"line":825,"column":32}}},"84":{"name":"(anonymous_84)","line":846,"loc":{"start":{"line":846,"column":14},"end":{"line":846,"column":30}}},"85":{"name":"(anonymous_85)","line":847,"loc":{"start":{"line":847,"column":37},"end":{"line":847,"column":51}}},"86":{"name":"(anonymous_86)","line":851,"loc":{"start":{"line":851,"column":15},"end":{"line":851,"column":30}}},"87":{"name":"(anonymous_87)","line":852,"loc":{"start":{"line":852,"column":44},"end":{"line":852,"column":58}}},"88":{"name":"(anonymous_88)","line":856,"loc":{"start":{"line":856,"column":21},"end":{"line":856,"column":37}}},"89":{"name":"(anonymous_89)","line":859,"loc":{"start":{"line":859,"column":20},"end":{"line":859,"column":36}}}},"statementMap":{"1":{"start":{"line":1,"column":0},"end":{"line":874,"column":0}},"2":{"start":{"line":1,"column":12},"end":{"line":1,"column":329}},"3":{"start":{"line":1,"column":43},"end":{"line":1,"column":309}},"4":{"start":{"line":1,"column":53},"end":{"line":1,"column":195}},"5":{"start":{"line":1,"column":63},"end":{"line":1,"column":105}},"6":{"start":{"line":1,"column":105},"end":{"line":1,"column":129}},"7":{"start":{"line":1,"column":114},"end":{"line":1,"column":129}},"8":{"start":{"line":1,"column":129},"end":{"line":1,"column":149}},"9":{"start":{"line":1,"column":134},"end":{"line":1,"column":149}},"10":{"start":{"line":1,"column":149},"end":{"line":1,"column":194}},"11":{"start":{"line":1,"column":195},"end":{"line":1,"column":219}},"12":{"start":{"line":1,"column":219},"end":{"line":1,"column":308}},"13":{"start":{"line":1,"column":254},"end":{"line":1,"column":271}},"14":{"start":{"line":1,"column":271},"end":{"line":1,"column":286}},"15":{"start":{"line":1,"column":309},"end":{"line":1,"column":328}},"16":{"start":{"line":1,"column":329},"end":{"line":1,"column":371}},"17":{"start":{"line":1,"column":371},"end":{"line":1,"column":406}},"18":{"start":{"line":1,"column":398},"end":{"line":1,"column":406}},"19":{"start":{"line":1,"column":406},"end":{"line":1,"column":414}},"20":{"start":{"line":2,"column":0},"end":{"line":2,"column":33}},"21":{"start":{"line":6,"column":0},"end":{"line":11,"column":48}},"22":{"start":{"line":13,"column":0},"end":{"line":34,"column":2}},"23":{"start":{"line":15,"column":8},"end":{"line":15,"column":44}},"24":{"start":{"line":17,"column":8},"end":{"line":21,"column":11}},"25":{"start":{"line":23,"column":8},"end":{"line":25,"column":9}},"26":{"start":{"line":24,"column":12},"end":{"line":24,"column":45}},"27":{"start":{"line":26,"column":8},"end":{"line":30,"column":11}},"28":{"start":{"line":31,"column":8},"end":{"line":31,"column":70}},"29":{"start":{"line":32,"column":8},"end":{"line":32,"column":63}},"30":{"start":{"line":36,"column":0},"end":{"line":36,"column":33}},"31":{"start":{"line":40,"column":0},"end":{"line":99,"column":2}},"32":{"start":{"line":102,"column":0},"end":{"line":102,"column":33}},"33":{"start":{"line":106,"column":0},"end":{"line":106,"column":27}},"34":{"start":{"line":108,"column":0},"end":{"line":108,"column":11}},"35":{"start":{"line":110,"column":0},"end":{"line":110,"column":33}},"36":{"start":{"line":114,"column":0},"end":{"line":245,"column":5}},"37":{"start":{"line":116,"column":4},"end":{"line":236,"column":10}},"38":{"start":{"line":119,"column":12},"end":{"line":119,"column":68}},"39":{"start":{"line":122,"column":12},"end":{"line":125,"column":15}},"40":{"start":{"line":128,"column":12},"end":{"line":138,"column":13}},"41":{"start":{"line":129,"column":16},"end":{"line":131,"column":17}},"42":{"start":{"line":130,"column":20},"end":{"line":130,"column":48}},"43":{"start":{"line":132,"column":16},"end":{"line":137,"column":17}},"44":{"start":{"line":133,"column":20},"end":{"line":135,"column":29}},"45":{"start":{"line":134,"column":24},"end":{"line":134,"column":65}},"46":{"start":{"line":141,"column":12},"end":{"line":142,"column":18}},"47":{"start":{"line":144,"column":12},"end":{"line":144,"column":33}},"48":{"start":{"line":144,"column":25},"end":{"line":144,"column":32}},"49":{"start":{"line":146,"column":12},"end":{"line":148,"column":13}},"50":{"start":{"line":147,"column":16},"end":{"line":147,"column":34}},"51":{"start":{"line":151,"column":12},"end":{"line":157,"column":13}},"52":{"start":{"line":152,"column":16},"end":{"line":156,"column":17}},"53":{"start":{"line":155,"column":20},"end":{"line":155,"column":39}},"54":{"start":{"line":160,"column":12},"end":{"line":162,"column":19}},"55":{"start":{"line":164,"column":12},"end":{"line":164,"column":33}},"56":{"start":{"line":164,"column":25},"end":{"line":164,"column":32}},"57":{"start":{"line":167,"column":12},"end":{"line":169,"column":13}},"58":{"start":{"line":168,"column":16},"end":{"line":168,"column":78}},"59":{"start":{"line":172,"column":12},"end":{"line":174,"column":13}},"60":{"start":{"line":173,"column":16},"end":{"line":173,"column":77}},"61":{"start":{"line":175,"column":12},"end":{"line":177,"column":13}},"62":{"start":{"line":176,"column":16},"end":{"line":176,"column":74}},"63":{"start":{"line":179,"column":12},"end":{"line":180,"column":42}},"64":{"start":{"line":182,"column":12},"end":{"line":184,"column":13}},"65":{"start":{"line":183,"column":16},"end":{"line":183,"column":73}},"66":{"start":{"line":188,"column":12},"end":{"line":190,"column":13}},"67":{"start":{"line":189,"column":16},"end":{"line":189,"column":81}},"68":{"start":{"line":191,"column":12},"end":{"line":192,"column":42}},"69":{"start":{"line":195,"column":12},"end":{"line":195,"column":43}},"70":{"start":{"line":195,"column":29},"end":{"line":195,"column":42}},"71":{"start":{"line":197,"column":12},"end":{"line":199,"column":13}},"72":{"start":{"line":198,"column":16},"end":{"line":198,"column":74}},"73":{"start":{"line":203,"column":12},"end":{"line":204,"column":42}},"74":{"start":{"line":206,"column":12},"end":{"line":208,"column":13}},"75":{"start":{"line":207,"column":16},"end":{"line":207,"column":64}},"76":{"start":{"line":212,"column":12},"end":{"line":216,"column":13}},"77":{"start":{"line":213,"column":16},"end":{"line":215,"column":17}},"78":{"start":{"line":214,"column":20},"end":{"line":214,"column":40}},"79":{"start":{"line":217,"column":12},"end":{"line":223,"column":13}},"80":{"start":{"line":218,"column":16},"end":{"line":218,"column":35}},"81":{"start":{"line":219,"column":16},"end":{"line":219,"column":35}},"82":{"start":{"line":220,"column":16},"end":{"line":220,"column":55}},"83":{"start":{"line":222,"column":16},"end":{"line":222,"column":33}},"84":{"start":{"line":231,"column":12},"end":{"line":231,"column":25}},"85":{"start":{"line":232,"column":12},"end":{"line":232,"column":27}},"86":{"start":{"line":233,"column":12},"end":{"line":233,"column":29}},"87":{"start":{"line":235,"column":12},"end":{"line":235,"column":24}},"88":{"start":{"line":238,"column":4},"end":{"line":241,"column":6}},"89":{"start":{"line":239,"column":8},"end":{"line":239,"column":23}},"90":{"start":{"line":240,"column":8},"end":{"line":240,"column":22}},"91":{"start":{"line":243,"column":4},"end":{"line":243,"column":17}},"92":{"start":{"line":247,"column":0},"end":{"line":247,"column":30}},"93":{"start":{"line":249,"column":0},"end":{"line":249,"column":33}},"94":{"start":{"line":253,"column":0},"end":{"line":260,"column":27}},"95":{"start":{"line":262,"column":0},"end":{"line":268,"column":2}},"96":{"start":{"line":263,"column":4},"end":{"line":265,"column":5}},"97":{"start":{"line":264,"column":8},"end":{"line":264,"column":54}},"98":{"start":{"line":266,"column":4},"end":{"line":266,"column":27}},"99":{"start":{"line":267,"column":4},"end":{"line":267,"column":16}},"100":{"start":{"line":270,"column":0},"end":{"line":287,"column":2}},"101":{"start":{"line":273,"column":8},"end":{"line":273,"column":55}},"102":{"start":{"line":274,"column":8},"end":{"line":274,"column":38}},"103":{"start":{"line":275,"column":8},"end":{"line":275,"column":38}},"104":{"start":{"line":276,"column":8},"end":{"line":276,"column":75}},"105":{"start":{"line":277,"column":8},"end":{"line":277,"column":53}},"106":{"start":{"line":280,"column":8},"end":{"line":280,"column":133}},"107":{"start":{"line":281,"column":8},"end":{"line":281,"column":28}},"108":{"start":{"line":289,"column":0},"end":{"line":289,"column":24}},"109":{"start":{"line":291,"column":0},"end":{"line":291,"column":33}},"110":{"start":{"line":295,"column":0},"end":{"line":304,"column":2}},"111":{"start":{"line":296,"column":4},"end":{"line":298,"column":5}},"112":{"start":{"line":297,"column":8},"end":{"line":297,"column":65}},"113":{"start":{"line":299,"column":4},"end":{"line":299,"column":36}},"114":{"start":{"line":300,"column":4},"end":{"line":300,"column":38}},"115":{"start":{"line":301,"column":4},"end":{"line":301,"column":33}},"116":{"start":{"line":302,"column":4},"end":{"line":302,"column":53}},"117":{"start":{"line":303,"column":4},"end":{"line":303,"column":16}},"118":{"start":{"line":306,"column":0},"end":{"line":351,"column":2}},"119":{"start":{"line":308,"column":8},"end":{"line":308,"column":18}},"120":{"start":{"line":309,"column":8},"end":{"line":313,"column":9}},"121":{"start":{"line":310,"column":12},"end":{"line":312,"column":13}},"122":{"start":{"line":311,"column":16},"end":{"line":311,"column":50}},"123":{"start":{"line":314,"column":8},"end":{"line":318,"column":9}},"124":{"start":{"line":315,"column":12},"end":{"line":317,"column":13}},"125":{"start":{"line":316,"column":16},"end":{"line":316,"column":52}},"126":{"start":{"line":322,"column":8},"end":{"line":324,"column":20}},"127":{"start":{"line":326,"column":8},"end":{"line":329,"column":9}},"128":{"start":{"line":327,"column":12},"end":{"line":327,"column":73}},"129":{"start":{"line":328,"column":12},"end":{"line":328,"column":19}},"130":{"start":{"line":330,"column":8},"end":{"line":330,"column":87}},"131":{"start":{"line":331,"column":8},"end":{"line":331,"column":57}},"132":{"start":{"line":332,"column":8},"end":{"line":338,"column":11}},"133":{"start":{"line":333,"column":12},"end":{"line":333,"column":39}},"134":{"start":{"line":334,"column":12},"end":{"line":334,"column":52}},"135":{"start":{"line":335,"column":12},"end":{"line":335,"column":26}},"136":{"start":{"line":336,"column":12},"end":{"line":336,"column":36}},"137":{"start":{"line":337,"column":12},"end":{"line":337,"column":55}},"138":{"start":{"line":341,"column":8},"end":{"line":342,"column":24}},"139":{"start":{"line":343,"column":8},"end":{"line":346,"column":9}},"140":{"start":{"line":344,"column":12},"end":{"line":344,"column":75}},"141":{"start":{"line":345,"column":12},"end":{"line":345,"column":19}},"142":{"start":{"line":347,"column":8},"end":{"line":349,"column":11}},"143":{"start":{"line":348,"column":12},"end":{"line":348,"column":42}},"144":{"start":{"line":353,"column":0},"end":{"line":353,"column":30}},"145":{"start":{"line":357,"column":0},"end":{"line":365,"column":27}},"146":{"start":{"line":367,"column":0},"end":{"line":371,"column":2}},"147":{"start":{"line":368,"column":4},"end":{"line":368,"column":79}},"148":{"start":{"line":369,"column":4},"end":{"line":369,"column":110}},"149":{"start":{"line":370,"column":4},"end":{"line":370,"column":16}},"150":{"start":{"line":373,"column":0},"end":{"line":383,"column":2}},"151":{"start":{"line":385,"column":0},"end":{"line":391,"column":2}},"152":{"start":{"line":386,"column":4},"end":{"line":388,"column":5}},"153":{"start":{"line":387,"column":8},"end":{"line":387,"column":64}},"154":{"start":{"line":389,"column":4},"end":{"line":389,"column":52}},"155":{"start":{"line":390,"column":4},"end":{"line":390,"column":36}},"156":{"start":{"line":393,"column":0},"end":{"line":393,"column":31}},"157":{"start":{"line":395,"column":0},"end":{"line":634,"column":2}},"158":{"start":{"line":397,"column":8},"end":{"line":398,"column":24}},"159":{"start":{"line":399,"column":8},"end":{"line":399,"column":32}},"160":{"start":{"line":400,"column":8},"end":{"line":402,"column":11}},"161":{"start":{"line":401,"column":12},"end":{"line":401,"column":44}},"162":{"start":{"line":403,"column":8},"end":{"line":403,"column":92}},"163":{"start":{"line":404,"column":8},"end":{"line":404,"column":52}},"164":{"start":{"line":408,"column":8},"end":{"line":408,"column":92}},"165":{"start":{"line":409,"column":8},"end":{"line":409,"column":84}},"166":{"start":{"line":410,"column":8},"end":{"line":410,"column":53}},"167":{"start":{"line":412,"column":8},"end":{"line":412,"column":45}},"168":{"start":{"line":413,"column":8},"end":{"line":413,"column":61}},"169":{"start":{"line":414,"column":8},"end":{"line":414,"column":75}},"170":{"start":{"line":415,"column":8},"end":{"line":415,"column":33}},"171":{"start":{"line":416,"column":8},"end":{"line":418,"column":9}},"172":{"start":{"line":417,"column":12},"end":{"line":417,"column":25}},"173":{"start":{"line":422,"column":8},"end":{"line":422,"column":29}},"174":{"start":{"line":423,"column":8},"end":{"line":423,"column":28}},"175":{"start":{"line":424,"column":8},"end":{"line":424,"column":61}},"176":{"start":{"line":425,"column":8},"end":{"line":425,"column":54}},"177":{"start":{"line":426,"column":8},"end":{"line":426,"column":24}},"178":{"start":{"line":429,"column":8},"end":{"line":429,"column":24}},"179":{"start":{"line":430,"column":8},"end":{"line":434,"column":9}},"180":{"start":{"line":431,"column":12},"end":{"line":431,"column":28}},"181":{"start":{"line":432,"column":15},"end":{"line":434,"column":9}},"182":{"start":{"line":433,"column":12},"end":{"line":433,"column":19}},"183":{"start":{"line":435,"column":8},"end":{"line":441,"column":9}},"184":{"start":{"line":436,"column":12},"end":{"line":438,"column":39}},"185":{"start":{"line":437,"column":16},"end":{"line":437,"column":35}},"186":{"start":{"line":440,"column":12},"end":{"line":440,"column":31}},"187":{"start":{"line":444,"column":8},"end":{"line":444,"column":24}},"188":{"start":{"line":445,"column":8},"end":{"line":445,"column":25}},"189":{"start":{"line":448,"column":8},"end":{"line":450,"column":9}},"190":{"start":{"line":449,"column":12},"end":{"line":449,"column":48}},"191":{"start":{"line":451,"column":8},"end":{"line":456,"column":11}},"192":{"start":{"line":459,"column":8},"end":{"line":467,"column":9}},"193":{"start":{"line":460,"column":12},"end":{"line":460,"column":37}},"194":{"start":{"line":461,"column":12},"end":{"line":464,"column":13}},"195":{"start":{"line":462,"column":16},"end":{"line":462,"column":65}},"196":{"start":{"line":463,"column":16},"end":{"line":463,"column":36}},"197":{"start":{"line":465,"column":12},"end":{"line":465,"column":33}},"198":{"start":{"line":466,"column":12},"end":{"line":466,"column":33}},"199":{"start":{"line":470,"column":8},"end":{"line":471,"column":17}},"200":{"start":{"line":473,"column":8},"end":{"line":475,"column":9}},"201":{"start":{"line":474,"column":12},"end":{"line":474,"column":31}},"202":{"start":{"line":476,"column":8},"end":{"line":478,"column":9}},"203":{"start":{"line":477,"column":12},"end":{"line":477,"column":29}},"204":{"start":{"line":480,"column":8},"end":{"line":480,"column":45}},"205":{"start":{"line":483,"column":8},"end":{"line":496,"column":9}},"206":{"start":{"line":484,"column":12},"end":{"line":489,"column":13}},"207":{"start":{"line":485,"column":16},"end":{"line":485,"column":42}},"208":{"start":{"line":486,"column":16},"end":{"line":488,"column":17}},"209":{"start":{"line":487,"column":20},"end":{"line":487,"column":43}},"210":{"start":{"line":491,"column":12},"end":{"line":495,"column":39}},"211":{"start":{"line":492,"column":16},"end":{"line":492,"column":42}},"212":{"start":{"line":493,"column":16},"end":{"line":493,"column":32}},"213":{"start":{"line":499,"column":8},"end":{"line":499,"column":17}},"214":{"start":{"line":500,"column":8},"end":{"line":506,"column":9}},"215":{"start":{"line":501,"column":12},"end":{"line":501,"column":81}},"216":{"start":{"line":502,"column":15},"end":{"line":506,"column":9}},"217":{"start":{"line":503,"column":12},"end":{"line":503,"column":46}},"218":{"start":{"line":505,"column":12},"end":{"line":505,"column":40}},"219":{"start":{"line":507,"column":8},"end":{"line":509,"column":9}},"220":{"start":{"line":508,"column":12},"end":{"line":508,"column":19}},"221":{"start":{"line":510,"column":8},"end":{"line":510,"column":78}},"222":{"start":{"line":513,"column":8},"end":{"line":513,"column":57}},"223":{"start":{"line":516,"column":8},"end":{"line":518,"column":9}},"224":{"start":{"line":517,"column":12},"end":{"line":517,"column":25}},"225":{"start":{"line":519,"column":8},"end":{"line":519,"column":58}},"226":{"start":{"line":520,"column":8},"end":{"line":520,"column":141}},"227":{"start":{"line":523,"column":8},"end":{"line":530,"column":22}},"228":{"start":{"line":532,"column":8},"end":{"line":532,"column":44}},"229":{"start":{"line":533,"column":8},"end":{"line":539,"column":9}},"230":{"start":{"line":537,"column":12},"end":{"line":537,"column":48}},"231":{"start":{"line":540,"column":8},"end":{"line":540,"column":105}},"232":{"start":{"line":541,"column":8},"end":{"line":541,"column":43}},"233":{"start":{"line":542,"column":8},"end":{"line":542,"column":75}},"234":{"start":{"line":543,"column":8},"end":{"line":543,"column":42}},"235":{"start":{"line":545,"column":8},"end":{"line":549,"column":39}},"236":{"start":{"line":551,"column":8},"end":{"line":566,"column":9}},"237":{"start":{"line":554,"column":12},"end":{"line":554,"column":52}},"238":{"start":{"line":555,"column":12},"end":{"line":555,"column":18}},"239":{"start":{"line":557,"column":12},"end":{"line":557,"column":53}},"240":{"start":{"line":558,"column":12},"end":{"line":558,"column":18}},"241":{"start":{"line":560,"column":12},"end":{"line":560,"column":54}},"242":{"start":{"line":561,"column":12},"end":{"line":561,"column":18}},"243":{"start":{"line":563,"column":12},"end":{"line":563,"column":53}},"244":{"start":{"line":564,"column":12},"end":{"line":564,"column":18}},"245":{"start":{"line":568,"column":8},"end":{"line":568,"column":82}},"246":{"start":{"line":570,"column":8},"end":{"line":579,"column":9}},"247":{"start":{"line":571,"column":12},"end":{"line":571,"column":26}},"248":{"start":{"line":573,"column":12},"end":{"line":573,"column":33}},"249":{"start":{"line":574,"column":12},"end":{"line":574,"column":43}},"250":{"start":{"line":575,"column":12},"end":{"line":575,"column":39}},"251":{"start":{"line":576,"column":12},"end":{"line":576,"column":47}},"252":{"start":{"line":577,"column":12},"end":{"line":577,"column":39}},"253":{"start":{"line":578,"column":12},"end":{"line":578,"column":36}},"254":{"start":{"line":584,"column":8},"end":{"line":585,"column":70}},"255":{"start":{"line":587,"column":8},"end":{"line":587,"column":63}},"256":{"start":{"line":588,"column":8},"end":{"line":588,"column":78}},"257":{"start":{"line":589,"column":8},"end":{"line":589,"column":27}},"258":{"start":{"line":597,"column":8},"end":{"line":597,"column":62}},"259":{"start":{"line":598,"column":8},"end":{"line":598,"column":41}},"260":{"start":{"line":599,"column":8},"end":{"line":605,"column":9}},"261":{"start":{"line":600,"column":12},"end":{"line":600,"column":57}},"262":{"start":{"line":602,"column":12},"end":{"line":604,"column":15}},"263":{"start":{"line":608,"column":8},"end":{"line":608,"column":62}},"264":{"start":{"line":609,"column":8},"end":{"line":609,"column":40}},"265":{"start":{"line":610,"column":8},"end":{"line":615,"column":9}},"266":{"start":{"line":611,"column":12},"end":{"line":611,"column":47}},"267":{"start":{"line":612,"column":12},"end":{"line":614,"column":15}},"268":{"start":{"line":624,"column":8},"end":{"line":624,"column":53}},"269":{"start":{"line":636,"column":0},"end":{"line":636,"column":38}},"270":{"start":{"line":638,"column":0},"end":{"line":638,"column":25}},"271":{"start":{"line":640,"column":0},"end":{"line":640,"column":33}},"272":{"start":{"line":642,"column":0},"end":{"line":642,"column":33}},"273":{"start":{"line":646,"column":0},"end":{"line":653,"column":45}},"274":{"start":{"line":655,"column":0},"end":{"line":660,"column":2}},"275":{"start":{"line":656,"column":4},"end":{"line":656,"column":29}},"276":{"start":{"line":657,"column":4},"end":{"line":657,"column":27}},"277":{"start":{"line":658,"column":4},"end":{"line":658,"column":54}},"278":{"start":{"line":659,"column":4},"end":{"line":659,"column":16}},"279":{"start":{"line":662,"column":0},"end":{"line":743,"column":2}},"280":{"start":{"line":666,"column":8},"end":{"line":668,"column":17}},"281":{"start":{"line":667,"column":12},"end":{"line":667,"column":25}},"282":{"start":{"line":670,"column":8},"end":{"line":675,"column":17}},"283":{"start":{"line":671,"column":12},"end":{"line":674,"column":13}},"284":{"start":{"line":672,"column":16},"end":{"line":672,"column":81}},"285":{"start":{"line":673,"column":16},"end":{"line":673,"column":72}},"286":{"start":{"line":677,"column":8},"end":{"line":677,"column":21}},"287":{"start":{"line":682,"column":8},"end":{"line":687,"column":9}},"288":{"start":{"line":683,"column":12},"end":{"line":683,"column":30}},"289":{"start":{"line":684,"column":12},"end":{"line":684,"column":31}},"290":{"start":{"line":685,"column":12},"end":{"line":685,"column":28}},"291":{"start":{"line":686,"column":12},"end":{"line":686,"column":88}},"292":{"start":{"line":690,"column":8},"end":{"line":690,"column":52}},"293":{"start":{"line":691,"column":8},"end":{"line":691,"column":42}},"294":{"start":{"line":692,"column":8},"end":{"line":692,"column":47}},"295":{"start":{"line":695,"column":8},"end":{"line":695,"column":79}},"296":{"start":{"line":698,"column":8},"end":{"line":705,"column":20}},"297":{"start":{"line":707,"column":8},"end":{"line":715,"column":9}},"298":{"start":{"line":708,"column":12},"end":{"line":708,"column":37}},"299":{"start":{"line":709,"column":12},"end":{"line":709,"column":38}},"300":{"start":{"line":710,"column":12},"end":{"line":714,"column":13}},"301":{"start":{"line":711,"column":16},"end":{"line":711,"column":43}},"302":{"start":{"line":712,"column":16},"end":{"line":712,"column":52}},"303":{"start":{"line":713,"column":16},"end":{"line":713,"column":44}},"304":{"start":{"line":716,"column":8},"end":{"line":716,"column":40}},"305":{"start":{"line":717,"column":8},"end":{"line":717,"column":26}},"306":{"start":{"line":718,"column":8},"end":{"line":718,"column":39}},"307":{"start":{"line":721,"column":8},"end":{"line":721,"column":36}},"308":{"start":{"line":725,"column":8},"end":{"line":727,"column":9}},"309":{"start":{"line":726,"column":12},"end":{"line":726,"column":34}},"310":{"start":{"line":728,"column":8},"end":{"line":729,"column":55}},"311":{"start":{"line":731,"column":8},"end":{"line":731,"column":109}},"312":{"start":{"line":732,"column":8},"end":{"line":732,"column":31}},"313":{"start":{"line":734,"column":8},"end":{"line":734,"column":35}},"314":{"start":{"line":737,"column":8},"end":{"line":738,"column":62}},"315":{"start":{"line":739,"column":8},"end":{"line":739,"column":28}},"316":{"start":{"line":740,"column":8},"end":{"line":740,"column":41}},"317":{"start":{"line":745,"column":0},"end":{"line":745,"column":28}},"318":{"start":{"line":750,"column":0},"end":{"line":750,"column":32}},"319":{"start":{"line":752,"column":0},"end":{"line":756,"column":2}},"320":{"start":{"line":753,"column":4},"end":{"line":753,"column":27}},"321":{"start":{"line":754,"column":4},"end":{"line":754,"column":54}},"322":{"start":{"line":755,"column":4},"end":{"line":755,"column":16}},"323":{"start":{"line":758,"column":0},"end":{"line":793,"column":2}},"324":{"start":{"line":760,"column":8},"end":{"line":760,"column":50}},"325":{"start":{"line":761,"column":8},"end":{"line":762,"column":42}},"326":{"start":{"line":763,"column":8},"end":{"line":763,"column":28}},"327":{"start":{"line":766,"column":8},"end":{"line":767,"column":18}},"328":{"start":{"line":768,"column":8},"end":{"line":779,"column":9}},"329":{"start":{"line":769,"column":12},"end":{"line":769,"column":52}},"330":{"start":{"line":770,"column":12},"end":{"line":770,"column":31}},"331":{"start":{"line":771,"column":12},"end":{"line":771,"column":57}},"332":{"start":{"line":772,"column":12},"end":{"line":772,"column":52}},"333":{"start":{"line":773,"column":12},"end":{"line":773,"column":27}},"334":{"start":{"line":774,"column":12},"end":{"line":774,"column":40}},"335":{"start":{"line":775,"column":12},"end":{"line":775,"column":36}},"336":{"start":{"line":776,"column":12},"end":{"line":776,"column":44}},"337":{"start":{"line":777,"column":12},"end":{"line":777,"column":44}},"338":{"start":{"line":778,"column":12},"end":{"line":778,"column":48}},"339":{"start":{"line":782,"column":8},"end":{"line":782,"column":24}},"340":{"start":{"line":783,"column":8},"end":{"line":783,"column":77}},"341":{"start":{"line":784,"column":8},"end":{"line":791,"column":11}},"342":{"start":{"line":785,"column":12},"end":{"line":785,"column":26}},"343":{"start":{"line":786,"column":12},"end":{"line":790,"column":13}},"344":{"start":{"line":787,"column":16},"end":{"line":787,"column":46}},"345":{"start":{"line":789,"column":16},"end":{"line":789,"column":47}},"346":{"start":{"line":795,"column":0},"end":{"line":795,"column":30}},"347":{"start":{"line":797,"column":0},"end":{"line":797,"column":33}},"348":{"start":{"line":799,"column":0},"end":{"line":799,"column":33}},"349":{"start":{"line":801,"column":0},"end":{"line":861,"column":6}},"350":{"start":{"line":802,"column":8},"end":{"line":802,"column":19}},"351":{"start":{"line":803,"column":8},"end":{"line":803,"column":22}},"352":{"start":{"line":804,"column":8},"end":{"line":808,"column":9}},"353":{"start":{"line":805,"column":12},"end":{"line":807,"column":13}},"354":{"start":{"line":806,"column":16},"end":{"line":806,"column":30}},"355":{"start":{"line":810,"column":8},"end":{"line":810,"column":22}},"356":{"start":{"line":814,"column":8},"end":{"line":814,"column":17}},"357":{"start":{"line":815,"column":8},"end":{"line":821,"column":9}},"358":{"start":{"line":816,"column":12},"end":{"line":816,"column":28}},"359":{"start":{"line":817,"column":12},"end":{"line":820,"column":13}},"360":{"start":{"line":818,"column":16},"end":{"line":818,"column":32}},"361":{"start":{"line":819,"column":16},"end":{"line":819,"column":54}},"362":{"start":{"line":822,"column":8},"end":{"line":822,"column":19}},"363":{"start":{"line":826,"column":8},"end":{"line":827,"column":21}},"364":{"start":{"line":829,"column":8},"end":{"line":831,"column":9}},"365":{"start":{"line":830,"column":12},"end":{"line":830,"column":24}},"366":{"start":{"line":833,"column":8},"end":{"line":838,"column":9}},"367":{"start":{"line":834,"column":12},"end":{"line":834,"column":39}},"368":{"start":{"line":835,"column":12},"end":{"line":835,"column":90}},"369":{"start":{"line":837,"column":12},"end":{"line":837,"column":36}},"370":{"start":{"line":840,"column":8},"end":{"line":842,"column":9}},"371":{"start":{"line":841,"column":12},"end":{"line":841,"column":38}},"372":{"start":{"line":844,"column":8},"end":{"line":844,"column":20}},"373":{"start":{"line":847,"column":8},"end":{"line":849,"column":11}},"374":{"start":{"line":848,"column":12},"end":{"line":848,"column":46}},"375":{"start":{"line":852,"column":8},"end":{"line":854,"column":11}},"376":{"start":{"line":853,"column":12},"end":{"line":853,"column":67}},"377":{"start":{"line":857,"column":8},"end":{"line":857,"column":39}},"378":{"start":{"line":860,"column":8},"end":{"line":860,"column":46}},"379":{"start":{"line":863,"column":0},"end":{"line":871,"column":2}}},"branchMap":{"1":{"line":1,"type":"if","locations":[{"start":{"line":1,"column":28},"end":{"line":1,"column":28}},{"start":{"line":1,"column":28},"end":{"line":1,"column":28}}]},"2":{"line":1,"type":"if","locations":[{"start":{"line":1,"column":38},"end":{"line":1,"column":38}},{"start":{"line":1,"column":38},"end":{"line":1,"column":38}}]},"3":{"line":1,"type":"binary-expr","locations":[{"start":{"line":1,"column":69},"end":{"line":1,"column":95}},{"start":{"line":1,"column":97},"end":{"line":1,"column":104}}]},"4":{"line":1,"type":"if","locations":[{"start":{"line":1,"column":90},"end":{"line":1,"column":90}},{"start":{"line":1,"column":90},"end":{"line":1,"column":90}}]},"5":{"line":1,"type":"binary-expr","locations":[{"start":{"line":1,"column":108},"end":{"line":1,"column":110}},{"start":{"line":1,"column":112},"end":{"line":1,"column":113}}]},"6":{"line":1,"type":"if","locations":[{"start":{"line":1,"column":114},"end":{"line":1,"column":114}},{"start":{"line":1,"column":114},"end":{"line":1,"column":114}}]},"7":{"line":1,"type":"cond-expr","locations":[{"start":{"line":1,"column":282},"end":{"line":1,"column":283}},{"start":{"line":1,"column":284},"end":{"line":1,"column":285}}]},"8":{"line":1,"type":"binary-expr","locations":[{"start":{"line":1,"column":335},"end":{"line":1,"column":361}},{"start":{"line":1,"column":363},"end":{"line":1,"column":370}}]},"9":{"line":23,"type":"if","locations":[{"start":{"line":23,"column":8},"end":{"line":23,"column":8}},{"start":{"line":23,"column":8},"end":{"line":23,"column":8}}]},"10":{"line":119,"type":"binary-expr","locations":[{"start":{"line":119,"column":24},"end":{"line":119,"column":40}},{"start":{"line":119,"column":45},"end":{"line":119,"column":66}}]},"11":{"line":124,"type":"binary-expr","locations":[{"start":{"line":124,"column":25},"end":{"line":124,"column":32}},{"start":{"line":124,"column":36},"end":{"line":124,"column":42}},{"start":{"line":124,"column":46},"end":{"line":124,"column":50}}]},"12":{"line":128,"type":"if","locations":[{"start":{"line":128,"column":12},"end":{"line":128,"column":12}},{"start":{"line":128,"column":12},"end":{"line":128,"column":12}}]},"13":{"line":129,"type":"if","locations":[{"start":{"line":129,"column":16},"end":{"line":129,"column":16}},{"start":{"line":129,"column":16},"end":{"line":129,"column":16}}]},"14":{"line":132,"type":"if","locations":[{"start":{"line":132,"column":16},"end":{"line":132,"column":16}},{"start":{"line":132,"column":16},"end":{"line":132,"column":16}}]},"15":{"line":144,"type":"if","locations":[{"start":{"line":144,"column":12},"end":{"line":144,"column":12}},{"start":{"line":144,"column":12},"end":{"line":144,"column":12}}]},"16":{"line":146,"type":"if","locations":[{"start":{"line":146,"column":12},"end":{"line":146,"column":12}},{"start":{"line":146,"column":12},"end":{"line":146,"column":12}}]},"17":{"line":146,"type":"binary-expr","locations":[{"start":{"line":146,"column":16},"end":{"line":146,"column":25}},{"start":{"line":146,"column":29},"end":{"line":146,"column":37}}]},"18":{"line":152,"type":"if","locations":[{"start":{"line":152,"column":16},"end":{"line":152,"column":16}},{"start":{"line":152,"column":16},"end":{"line":152,"column":16}}]},"19":{"line":152,"type":"binary-expr","locations":[{"start":{"line":152,"column":21},"end":{"line":152,"column":30}},{"start":{"line":152,"column":34},"end":{"line":152,"column":62}},{"start":{"line":152,"column":68},"end":{"line":152,"column":98}},{"start":{"line":152,"column":103},"end":{"line":152,"column":111}},{"start":{"line":152,"column":115},"end":{"line":152,"column":134}},{"start":{"line":152,"column":138},"end":{"line":152,"column":166}}]},"20":{"line":164,"type":"if","locations":[{"start":{"line":164,"column":12},"end":{"line":164,"column":12}},{"start":{"line":164,"column":12},"end":{"line":164,"column":12}}]},"21":{"line":172,"type":"if","locations":[{"start":{"line":172,"column":12},"end":{"line":172,"column":12}},{"start":{"line":172,"column":12},"end":{"line":172,"column":12}}]},"22":{"line":175,"type":"if","locations":[{"start":{"line":175,"column":12},"end":{"line":175,"column":12}},{"start":{"line":175,"column":12},"end":{"line":175,"column":12}}]},"23":{"line":188,"type":"if","locations":[{"start":{"line":188,"column":12},"end":{"line":188,"column":12}},{"start":{"line":188,"column":12},"end":{"line":188,"column":12}}]},"24":{"line":195,"type":"if","locations":[{"start":{"line":195,"column":12},"end":{"line":195,"column":12}},{"start":{"line":195,"column":12},"end":{"line":195,"column":12}}]},"25":{"line":213,"type":"if","locations":[{"start":{"line":213,"column":16},"end":{"line":213,"column":16}},{"start":{"line":213,"column":16},"end":{"line":213,"column":16}}]},"26":{"line":217,"type":"if","locations":[{"start":{"line":217,"column":12},"end":{"line":217,"column":12}},{"start":{"line":217,"column":12},"end":{"line":217,"column":12}}]},"27":{"line":263,"type":"if","locations":[{"start":{"line":263,"column":4},"end":{"line":263,"column":4}},{"start":{"line":263,"column":4},"end":{"line":263,"column":4}}]},"28":{"line":296,"type":"if","locations":[{"start":{"line":296,"column":4},"end":{"line":296,"column":4}},{"start":{"line":296,"column":4},"end":{"line":296,"column":4}}]},"29":{"line":309,"type":"if","locations":[{"start":{"line":309,"column":8},"end":{"line":309,"column":8}},{"start":{"line":309,"column":8},"end":{"line":309,"column":8}}]},"30":{"line":314,"type":"if","locations":[{"start":{"line":314,"column":8},"end":{"line":314,"column":8}},{"start":{"line":314,"column":8},"end":{"line":314,"column":8}}]},"31":{"line":326,"type":"if","locations":[{"start":{"line":326,"column":8},"end":{"line":326,"column":8}},{"start":{"line":326,"column":8},"end":{"line":326,"column":8}}]},"32":{"line":330,"type":"cond-expr","locations":[{"start":{"line":330,"column":67},"end":{"line":330,"column":76}},{"start":{"line":330,"column":79},"end":{"line":330,"column":86}}]},"33":{"line":343,"type":"if","locations":[{"start":{"line":343,"column":8},"end":{"line":343,"column":8}},{"start":{"line":343,"column":8},"end":{"line":343,"column":8}}]},"34":{"line":368,"type":"binary-expr","locations":[{"start":{"line":368,"column":23},"end":{"line":368,"column":27}},{"start":{"line":368,"column":31},"end":{"line":368,"column":46}},{"start":{"line":368,"column":51},"end":{"line":368,"column":78}}]},"35":{"line":369,"type":"binary-expr","locations":[{"start":{"line":369,"column":98},"end":{"line":369,"column":102}},{"start":{"line":369,"column":106},"end":{"line":369,"column":108}}]},"36":{"line":386,"type":"if","locations":[{"start":{"line":386,"column":4},"end":{"line":386,"column":4}},{"start":{"line":386,"column":4},"end":{"line":386,"column":4}}]},"37":{"line":397,"type":"binary-expr","locations":[{"start":{"line":397,"column":23},"end":{"line":397,"column":46}},{"start":{"line":397,"column":50},"end":{"line":397,"column":52}}]},"38":{"line":403,"type":"binary-expr","locations":[{"start":{"line":403,"column":23},"end":{"line":403,"column":81}},{"start":{"line":403,"column":86},"end":{"line":403,"column":91}}]},"39":{"line":403,"type":"cond-expr","locations":[{"start":{"line":403,"column":52},"end":{"line":403,"column":63}},{"start":{"line":403,"column":66},"end":{"line":403,"column":81}}]},"40":{"line":404,"type":"binary-expr","locations":[{"start":{"line":404,"column":25},"end":{"line":404,"column":43}},{"start":{"line":404,"column":47},"end":{"line":404,"column":51}}]},"41":{"line":408,"type":"cond-expr","locations":[{"start":{"line":408,"column":55},"end":{"line":408,"column":69}},{"start":{"line":408,"column":72},"end":{"line":408,"column":90}}]},"42":{"line":409,"type":"cond-expr","locations":[{"start":{"line":409,"column":65},"end":{"line":409,"column":66}},{"start":{"line":409,"column":69},"end":{"line":409,"column":83}}]},"43":{"line":416,"type":"if","locations":[{"start":{"line":416,"column":8},"end":{"line":416,"column":8}},{"start":{"line":416,"column":8},"end":{"line":416,"column":8}}]},"44":{"line":416,"type":"binary-expr","locations":[{"start":{"line":416,"column":12},"end":{"line":416,"column":30}},{"start":{"line":416,"column":34},"end":{"line":416,"column":44}}]},"45":{"line":430,"type":"if","locations":[{"start":{"line":430,"column":8},"end":{"line":430,"column":8}},{"start":{"line":430,"column":8},"end":{"line":430,"column":8}}]},"46":{"line":432,"type":"if","locations":[{"start":{"line":432,"column":15},"end":{"line":432,"column":15}},{"start":{"line":432,"column":15},"end":{"line":432,"column":15}}]},"47":{"line":435,"type":"if","locations":[{"start":{"line":435,"column":8},"end":{"line":435,"column":8}},{"start":{"line":435,"column":8},"end":{"line":435,"column":8}}]},"48":{"line":448,"type":"if","locations":[{"start":{"line":448,"column":8},"end":{"line":448,"column":8}},{"start":{"line":448,"column":8},"end":{"line":448,"column":8}}]},"49":{"line":459,"type":"if","locations":[{"start":{"line":459,"column":8},"end":{"line":459,"column":8}},{"start":{"line":459,"column":8},"end":{"line":459,"column":8}}]},"50":{"line":461,"type":"if","locations":[{"start":{"line":461,"column":12},"end":{"line":461,"column":12}},{"start":{"line":461,"column":12},"end":{"line":461,"column":12}}]},"51":{"line":473,"type":"if","locations":[{"start":{"line":473,"column":8},"end":{"line":473,"column":8}},{"start":{"line":473,"column":8},"end":{"line":473,"column":8}}]},"52":{"line":473,"type":"binary-expr","locations":[{"start":{"line":473,"column":12},"end":{"line":473,"column":27}},{"start":{"line":473,"column":31},"end":{"line":473,"column":39}},{"start":{"line":473,"column":43},"end":{"line":473,"column":69}}]},"53":{"line":476,"type":"if","locations":[{"start":{"line":476,"column":8},"end":{"line":476,"column":8}},{"start":{"line":476,"column":8},"end":{"line":476,"column":8}}]},"54":{"line":476,"type":"binary-expr","locations":[{"start":{"line":476,"column":12},"end":{"line":476,"column":26}},{"start":{"line":476,"column":30},"end":{"line":476,"column":56}}]},"55":{"line":483,"type":"if","locations":[{"start":{"line":483,"column":8},"end":{"line":483,"column":8}},{"start":{"line":483,"column":8},"end":{"line":483,"column":8}}]},"56":{"line":484,"type":"if","locations":[{"start":{"line":484,"column":12},"end":{"line":484,"column":12}},{"start":{"line":484,"column":12},"end":{"line":484,"column":12}}]},"57":{"line":486,"type":"if","locations":[{"start":{"line":486,"column":16},"end":{"line":486,"column":16}},{"start":{"line":486,"column":16},"end":{"line":486,"column":16}}]},"58":{"line":500,"type":"if","locations":[{"start":{"line":500,"column":8},"end":{"line":500,"column":8}},{"start":{"line":500,"column":8},"end":{"line":500,"column":8}}]},"59":{"line":501,"type":"cond-expr","locations":[{"start":{"line":501,"column":45},"end":{"line":501,"column":69}},{"start":{"line":501,"column":71},"end":{"line":501,"column":80}}]},"60":{"line":502,"type":"if","locations":[{"start":{"line":502,"column":15},"end":{"line":502,"column":15}},{"start":{"line":502,"column":15},"end":{"line":502,"column":15}}]},"61":{"line":507,"type":"if","locations":[{"start":{"line":507,"column":8},"end":{"line":507,"column":8}},{"start":{"line":507,"column":8},"end":{"line":507,"column":8}}]},"62":{"line":510,"type":"cond-expr","locations":[{"start":{"line":510,"column":41},"end":{"line":510,"column":45}},{"start":{"line":510,"column":48},"end":{"line":510,"column":77}}]},"63":{"line":516,"type":"if","locations":[{"start":{"line":516,"column":8},"end":{"line":516,"column":8}},{"start":{"line":516,"column":8},"end":{"line":516,"column":8}}]},"64":{"line":520,"type":"binary-expr","locations":[{"start":{"line":520,"column":16},"end":{"line":520,"column":35}},{"start":{"line":520,"column":39},"end":{"line":520,"column":58}},{"start":{"line":520,"column":62},"end":{"line":520,"column":98}},{"start":{"line":520,"column":102},"end":{"line":520,"column":139}}]},"65":{"line":533,"type":"if","locations":[{"start":{"line":533,"column":8},"end":{"line":533,"column":8}},{"start":{"line":533,"column":8},"end":{"line":533,"column":8}}]},"66":{"line":540,"type":"cond-expr","locations":[{"start":{"line":540,"column":63},"end":{"line":540,"column":64}},{"start":{"line":540,"column":67},"end":{"line":540,"column":69}}]},"67":{"line":542,"type":"cond-expr","locations":[{"start":{"line":542,"column":68},"end":{"line":542,"column":69}},{"start":{"line":542,"column":71},"end":{"line":542,"column":73}}]},"68":{"line":545,"type":"cond-expr","locations":[{"start":{"line":545,"column":53},"end":{"line":545,"column":54}},{"start":{"line":546,"column":24},"end":{"line":549,"column":38}}]},"69":{"line":546,"type":"cond-expr","locations":[{"start":{"line":546,"column":54},"end":{"line":546,"column":55}},{"start":{"line":547,"column":24},"end":{"line":549,"column":38}}]},"70":{"line":547,"type":"cond-expr","locations":[{"start":{"line":547,"column":57},"end":{"line":547,"column":61}},{"start":{"line":548,"column":24},"end":{"line":549,"column":38}}]},"71":{"line":548,"type":"cond-expr","locations":[{"start":{"line":548,"column":55},"end":{"line":548,"column":83}},{"start":{"line":549,"column":24},"end":{"line":549,"column":38}}]},"72":{"line":548,"type":"cond-expr","locations":[{"start":{"line":548,"column":78},"end":{"line":548,"column":79}},{"start":{"line":548,"column":82},"end":{"line":548,"column":83}}]},"73":{"line":551,"type":"switch","locations":[{"start":{"line":553,"column":8},"end":{"line":555,"column":18}},{"start":{"line":556,"column":8},"end":{"line":558,"column":18}},{"start":{"line":559,"column":8},"end":{"line":561,"column":18}},{"start":{"line":562,"column":8},"end":{"line":564,"column":18}}]},"74":{"line":570,"type":"if","locations":[{"start":{"line":570,"column":8},"end":{"line":570,"column":8}},{"start":{"line":570,"column":8},"end":{"line":570,"column":8}}]},"75":{"line":599,"type":"if","locations":[{"start":{"line":599,"column":8},"end":{"line":599,"column":8}},{"start":{"line":599,"column":8},"end":{"line":599,"column":8}}]},"76":{"line":610,"type":"if","locations":[{"start":{"line":610,"column":8},"end":{"line":610,"column":8}},{"start":{"line":610,"column":8},"end":{"line":610,"column":8}}]},"77":{"line":671,"type":"if","locations":[{"start":{"line":671,"column":12},"end":{"line":671,"column":12}},{"start":{"line":671,"column":12},"end":{"line":671,"column":12}}]},"78":{"line":671,"type":"binary-expr","locations":[{"start":{"line":671,"column":15},"end":{"line":671,"column":38}},{"start":{"line":671,"column":42},"end":{"line":671,"column":66}}]},"79":{"line":682,"type":"if","locations":[{"start":{"line":682,"column":8},"end":{"line":682,"column":8}},{"start":{"line":682,"column":8},"end":{"line":682,"column":8}}]},"80":{"line":682,"type":"binary-expr","locations":[{"start":{"line":682,"column":11},"end":{"line":682,"column":34}},{"start":{"line":682,"column":38},"end":{"line":682,"column":62}}]},"81":{"line":725,"type":"if","locations":[{"start":{"line":725,"column":8},"end":{"line":725,"column":8}},{"start":{"line":725,"column":8},"end":{"line":725,"column":8}}]},"82":{"line":731,"type":"binary-expr","locations":[{"start":{"line":731,"column":71},"end":{"line":731,"column":80}},{"start":{"line":731,"column":84},"end":{"line":731,"column":107}}]},"83":{"line":786,"type":"if","locations":[{"start":{"line":786,"column":12},"end":{"line":786,"column":12}},{"start":{"line":786,"column":12},"end":{"line":786,"column":12}}]},"84":{"line":805,"type":"if","locations":[{"start":{"line":805,"column":12},"end":{"line":805,"column":12}},{"start":{"line":805,"column":12},"end":{"line":805,"column":12}}]},"85":{"line":817,"type":"if","locations":[{"start":{"line":817,"column":12},"end":{"line":817,"column":12}},{"start":{"line":817,"column":12},"end":{"line":817,"column":12}}]},"86":{"line":829,"type":"if","locations":[{"start":{"line":829,"column":8},"end":{"line":829,"column":8}},{"start":{"line":829,"column":8},"end":{"line":829,"column":8}}]},"87":{"line":833,"type":"if","locations":[{"start":{"line":833,"column":8},"end":{"line":833,"column":8}},{"start":{"line":833,"column":8},"end":{"line":833,"column":8}}]}}}}